BookMovieTickets/app/build/outputs/logs/manifest-merger-debug-report.txt
-- Merging decision tree log ---
manifest
ADDED from src\main\AndroidManifest.xml:2:1-69:12
	package
		ADDED from src\main\AndroidManifest.xml:3:5-49
		INJECTED from src\main\AndroidManifest.xml
		INJECTED from src\main\AndroidManifest.xml
	android:versionName
		INJECTED from src\main\AndroidManifest.xml
		INJECTED from src\main\AndroidManifest.xml
	xmlns:android
		ADDED from src\main\AndroidManifest.xml:2:11-69
	android:versionCode
		INJECTED from src\main\AndroidManifest.xml
		INJECTED from src\main\AndroidManifest.xml
application
ADDED from src\main\AndroidManifest.xml:5:5-67:19
MERGED from [com.android.support:appcompat-v7:23.1.0] AndroidManifest.xml:22:5-20
MERGED from [com.android.support:support-v4:23.1.0] AndroidManifest.xml:22:5-20
MERGED from [com.android.support:design:23.1.0] AndroidManifest.xml:22:5-20
MERGED from [com.android.support:appcompat-v7:23.1.0] AndroidManifest.xml:22:5-20
MERGED from [com.android.support:support-v4:23.1.0] AndroidManifest.xml:22:5-20
MERGED from [com.android.support:support-v4:23.1.0] AndroidManifest.xml:22:5-20
MERGED from [com.android.support:support-v4:23.1.0] AndroidManifest.xml:22:5-20
MERGED from [com.android.support:cardview-v7:23.1.0] AndroidManifest.xml:22:5-20
MERGED from [com.android.support:support-v4:23.1.0] AndroidManifest.xml:22:5-20
MERGED from [de.hdodenhof:circleimageview:1.3.0] AndroidManifest.xml:9:5-20
	android:label
		ADDED from src\main\AndroidManifest.xml:8:9-41
	android:supportsRtl
		ADDED from src\main\AndroidManifest.xml:10:9-35
	android:allowBackup
		ADDED from src\main\AndroidManifest.xml:6:9-35
	android:icon
		ADDED from src\main\AndroidManifest.xml:7:9-43
	android:largeHeap
		ADDED from src\main\AndroidManifest.xml:9:9-33
	android:theme
		ADDED from src\main\AndroidManifest.xml:11:9-40
activity#com.example.hoang.bookmovietickets.Activity.MainActivity
ADDED from src\main\AndroidManifest.xml:12:9-21:20
	android:screenOrientation
		ADDED from src\main\AndroidManifest.xml:14:13-49
	android:theme
		ADDED from src\main\AndroidManifest.xml:15:13-56
	android:name
		ADDED from src\main\AndroidManifest.xml:13:13-50
intent-filter#android.intent.action.MAIN+android.intent.category.LAUNCHER
ADDED from src\main\AndroidManifest.xml:16:13-20:29
action#android.intent.action.MAIN
ADDED from src\main\AndroidManifest.xml:17:17-69
	android:name
		ADDED from src\main\AndroidManifest.xml:17:25-66
category#android.intent.category.LAUNCHER
ADDED from src\main\AndroidManifest.xml:19:17-77
	android:name
		ADDED from src\main\AndroidManifest.xml:19:27-74
activity#com.example.hoang.bookmovietickets.Activity.MovieDetails
ADDED from src\main\AndroidManifest.xml:22:9-28:20
	android:screenOrientation
		ADDED from src\main\AndroidManifest.xml:26:13-49
	android:label
		ADDED from src\main\AndroidManifest.xml:24:13-65
	android:parentActivityName
		ADDED from src\main\AndroidManifest.xml:25:13-64
	android:theme
		ADDED from src\main\AndroidManifest.xml:27:13-56
	android:name
		ADDED from src\main\AndroidManifest.xml:23:13-50
activity#com.example.hoang.bookmovietickets.Activity.BookTicketsActivity
ADDED from src\main\AndroidManifest.xml:29:9-33:20
	android:screenOrientation
		ADDED from src\main\AndroidManifest.xml:31:13-49
	android:theme
		ADDED from src\main\AndroidManifest.xml:32:13-47
	android:name
		ADDED from src\main\AndroidManifest.xml:30:13-57
activity#com.example.hoang.bookmovietickets.Activity.MyListTicketsActivity
ADDED from src\main\AndroidManifest.xml:34:9-40:20
	android:screenOrientation
		ADDED from src\main\AndroidManifest.xml:38:13-49
	android:label
		ADDED from src\main\AndroidManifest.xml:36:13-67
	android:parentActivityName
		ADDED from src\main\AndroidManifest.xml:37:13-64
	android:theme
		ADDED from src\main\AndroidManifest.xml:39:13-56
	android:name
		ADDED from src\main\AndroidManifest.xml:35:13-59
activity#com.example.hoang.bookmovietickets.Activity.LoginForm
ADDED from src\main\AndroidManifest.xml:41:9-46:20
	android:screenOrientation
		ADDED from src\main\AndroidManifest.xml:45:13-49
	android:label
		ADDED from src\main\AndroidManifest.xml:43:13-62
	android:parentActivityName
		ADDED from src\main\AndroidManifest.xml:44:13-64
	android:name
		ADDED from src\main\AndroidManifest.xml:42:13-47
activity#com.example.hoang.bookmovietickets.Activity.RegisterForm
ADDED from src\main\AndroidManifest.xml:47:9-52:20
	android:screenOrientation
		ADDED from src\main\AndroidManifest.xml:51:13-49
	android:label
		ADDED from src\main\AndroidManifest.xml:49:13-65
	android:parentActivityName
		ADDED from src\main\AndroidManifest.xml:50:13-61
	android:name
		ADDED from src\main\AndroidManifest.xml:48:13-50
activity#com.example.hoang.bookmovietickets.Activity.HistoryActivity
ADDED from src\main\AndroidManifest.xml:53:9-59:20
	android:screenOrientation
		ADDED from src\main\AndroidManifest.xml:57:13-49
	android:label
		ADDED from src\main\AndroidManifest.xml:55:13-59
	android:parentActivityName
		ADDED from src\main\AndroidManifest.xml:56:13-64
	android:theme
		ADDED from src\main\AndroidManifest.xml:58:13-56
	android:name
		ADDED from src\main\AndroidManifest.xml:54:13-53
activity#com.example.hoang.bookmovietickets.Activity.UserProfile
ADDED from src\main\AndroidManifest.xml:60:9-65:20
	android:screenOrientation
		ADDED from src\main\AndroidManifest.xml:62:13-49
	android:label
		ADDED from src\main\AndroidManifest.xml:64:13-64
	android:parentActivityName
		ADDED from src\main\AndroidManifest.xml:63:13-64
	android:name
		ADDED from src\main\AndroidManifest.xml:61:13-49
uses-sdk
INJECTED from src\main\AndroidManifest.xml reason: use-sdk injection requested
MERGED from [com.android.support:appcompat-v7:23.1.0] AndroidManifest.xml:20:5-43
MERGED from [com.android.support:support-v4:23.1.0] AndroidManifest.xml:20:5-43
MERGED from [com.android.support:design:23.1.0] AndroidManifest.xml:20:5-43
MERGED from [com.android.support:appcompat-v7:23.1.0] AndroidManifest.xml:20:5-43
MERGED from [com.android.support:support-v4:23.1.0] AndroidManifest.xml:20:5-43
MERGED from [com.android.support:recyclerview-v7:23.1.0] AndroidManifest.xml:20:5-43
MERGED from [com.android.support:support-v4:23.1.0] AndroidManifest.xml:20:5-43
MERGED from [com.android.support:support-v4:23.1.0] AndroidManifest.xml:20:5-43
MERGED from [com.android.support:cardview-v7:23.1.0] AndroidManifest.xml:20:5-43
MERGED from [com.android.support:recyclerview-v7:23.1.0] AndroidManifest.xml:20:5-43
MERGED from [com.android.support:support-v4:23.1.0] AndroidManifest.xml:20:5-43
MERGED from [com.viewpagerindicator:library:2.4.1] AndroidManifest.xml:3:5-42
MERGED from [de.hdodenhof:circleimageview:1.3.0] AndroidManifest.xml:5:5-7:41
	android:targetSdkVersion
		INJECTED from src\main\AndroidManifest.xml
		INJECTED from src\main\AndroidManifest.xml
	android:minSdkVersion
		INJECTED from src\main\AndroidManifest.xml
		INJECTED from src\main\AndroidManifest.xml